app/build/intermediates/manifest_merge_blame_file/debug/processDebugMainManifest/manifest-merger-blame-debug-report.txt
1<?xml version="1.0" encoding="utf-8"?>
2<manifest xmlns:android="http://schemas.android.com/apk/res/android"
3    package="com.minorproject.cardscannerai"
4    android:versionCode="1"
5    android:versionName="1.0.0" >
6
7    <uses-sdk
8        android:minSdkVersion="26"
9        android:targetSdkVersion="35" />
10
11    <uses-permission android:name="android.permission.CAMERA" />
11-->src\main\AndroidManifest.xml:4:5-65
11-->src\main\AndroidManifest.xml:4:22-62
12    <uses-permission android:name="android.permission.INTERNET" />
12-->src\main\AndroidManifest.xml:5:5-67
12-->src\main\AndroidManifest.xml:5:22-64
13    <uses-permission android:name="android.permission.READ_CONTACTS" />
13-->src\main\AndroidManifest.xml:6:5-72
13-->src\main\AndroidManifest.xml:6:22-69
14    <uses-permission android:name="android.permission.WRITE_CONTACTS" />
14-->src\main\AndroidManifest.xml:7:5-73
14-->src\main\AndroidManifest.xml:7:22-70
15    <uses-permission android:name="android.permission.WAKE_LOCK" />
15-->[androidx.work:work-runtime:2.9.1] AndroidManifest.xml:23:5-68
15-->[androidx.work:work-runtime:2.9.1] AndroidManifest.xml:23:22-65
16    <uses-permission android:name="android.permission.ACCESS_NETWORK_STATE" />
16-->[androidx.work:work-runtime:2.9.1] AndroidManifest.xml:24:5-79
16-->[androidx.work:work-runtime:2.9.1] AndroidManifest.xml:24:22-76
17    <uses-permission android:name="android.permission.RECEIVE_BOOT_COMPLETED" />
17-->[androidx.work:work-runtime:2.9.1] AndroidManifest.xml:25:5-81
17-->[androidx.work:work-runtime:2.9.1] AndroidManifest.xml:25:22-78
18    <uses-permission android:name="android.permission.FOREGROUND_SERVICE" />
18-->[androidx.work:work-runtime:2.9.1] AndroidManifest.xml:26:5-77
18-->[androidx.work:work-runtime:2.9.1] AndroidManifest.xml:26:22-74
19
20    <permission
20-->[androidx.core:core:1.15.0] AndroidManifest.xml:22:5-24:47
21        android:name="com.minorproject.cardscannerai.DYNAMIC_RECEIVER_NOT_EXPORTED_PERMISSION"
21-->[androidx.core:core:1.15.0] AndroidManifest.xml:23:9-81
22        android:protectionLevel="signature" />
22-->[androidx.core:core:1.15.0] AndroidManifest.xml:24:9-44
23
24    <uses-permission android:name="com.minorproject.cardscannerai.DYNAMIC_RECEIVER_NOT_EXPORTED_PERMISSION" />
24-->[androidx.core:core:1.15.0] AndroidManifest.xml:26:5-97
24-->[androidx.core:core:1.15.0] AndroidManifest.xml:26:22-94
25
26    <application
26-->src\main\AndroidManifest.xml:9:5-23:19
27        android:name="com.minorproject.cardscannerai.CardScannerApp"
27-->src\main\AndroidManifest.xml:10:9-39
28        android:allowBackup="true"
28-->src\main\AndroidManifest.xml:11:9-35
29        android:appComponentFactory="androidx.core.app.CoreComponentFactory"
29-->[androidx.core:core:1.15.0] AndroidManifest.xml:28:18-86
30        android:debuggable="true"
31        android:extractNativeLibs="false"
32        android:label="CardScanner AI"
32-->src\main\AndroidManifest.xml:12:9-39
33        android:supportsRtl="true"
33-->src\main\AndroidManifest.xml:13:9-35
34        android:theme="@style/Theme.CardScannerAI" >
34-->src\main\AndroidManifest.xml:14:9-51
35        <activity
35-->src\main\AndroidManifest.xml:15:9-22:20
36            android:name="com.minorproject.cardscannerai.MainActivity"
36-->src\main\AndroidManifest.xml:16:13-41
37            android:exported="true" >
37-->src\main\AndroidManifest.xml:17:13-36
38            <intent-filter>
38-->src\main\AndroidManifest.xml:18:13-21:29
39                <action android:name="android.intent.action.MAIN" />
39-->src\main\AndroidManifest.xml:19:17-69
39-->src\main\AndroidManifest.xml:19:25-66
40
41                <category android:name="android.intent.category.LAUNCHER" />
41-->src\main\AndroidManifest.xml:20:17-77
41-->src\main\AndroidManifest.xml:20:27-74
42            </intent-filter>
43        </activity>
44        <activity
44-->[androidx.compose.ui:ui-tooling-android:1.7.7] AndroidManifest.xml:23:9-25:39
45            android:name="androidx.compose.ui.tooling.PreviewActivity"
45-->[androidx.compose.ui:ui-tooling-android:1.7.7] AndroidManifest.xml:24:13-71
46            android:exported="true" />
46-->[androidx.compose.ui:ui-tooling-android:1.7.7] AndroidManifest.xml:25:13-36
47        <activity
47-->[androidx.compose.ui:ui-test-manifest:1.7.7] AndroidManifest.xml:23:9-25:39
48            android:name="androidx.activity.ComponentActivity"
48-->[androidx.compose.ui:ui-test-manifest:1.7.7] AndroidManifest.xml:24:13-63
49            android:exported="true" />
49-->[androidx.compose.ui:ui-test-manifest:1.7.7] AndroidManifest.xml:25:13-36
50
51        <service
51-->[androidx.camera:camera-camera2:1.4.1] AndroidManifest.xml:24:9-33:19
52            android:name="androidx.camera.core.impl.MetadataHolderService"
52-->[androidx.camera:camera-camera2:1.4.1] AndroidManifest.xml:25:13-75
53            android:enabled="false"
53-->[androidx.camera:camera-camera2:1.4.1] AndroidManifest.xml:26:13-36
54            android:exported="false" >
54-->[androidx.camera:camera-camera2:1.4.1] AndroidManifest.xml:27:13-37
55            <meta-data
55-->[androidx.camera:camera-camera2:1.4.1] AndroidManifest.xml:30:13-32:89
56                android:name="androidx.camera.core.impl.MetadataHolderService.DEFAULT_CONFIG_PROVIDER"
56-->[androidx.camera:camera-camera2:1.4.1] AndroidManifest.xml:31:17-103
57                android:value="androidx.camera.camera2.Camera2Config$DefaultProvider" />
57-->[androidx.camera:camera-camera2:1.4.1] AndroidManifest.xml:32:17-86
58        </service>
59
60        <provider
60-->[androidx.work:work-runtime:2.9.1] AndroidManifest.xml:29:9-37:20
61            android:name="androidx.startup.InitializationProvider"
61-->[androidx.work:work-runtime:2.9.1] AndroidManifest.xml:30:13-67
62            android:authorities="com.minorproject.cardscannerai.androidx-startup"
62-->[androidx.work:work-runtime:2.9.1] AndroidManifest.xml:31:13-68
63            android:exported="false" >
63-->[androidx.work:work-runtime:2.9.1] AndroidManifest.xml:32:13-37
64            <meta-data
64-->[androidx.work:work-runtime:2.9.1] AndroidManifest.xml:34:13-36:52
65                android:name="androidx.work.WorkManagerInitializer"
65-->[androidx.work:work-runtime:2.9.1] AndroidManifest.xml:35:17-68
66                android:value="androidx.startup" />
66-->[androidx.work:work-runtime:2.9.1] AndroidManifest.xml:36:17-49
67            <meta-data
67-->[androidx.emoji2:emoji2:1.3.0] AndroidManifest.xml:29:13-31:52
68                android:name="androidx.emoji2.text.EmojiCompatInitializer"
68-->[androidx.emoji2:emoji2:1.3.0] AndroidManifest.xml:30:17-75
69                android:value="androidx.startup" />
69-->[androidx.emoji2:emoji2:1.3.0] AndroidManifest.xml:31:17-49
70            <meta-data
70-->[androidx.lifecycle:lifecycle-process:2.8.7] AndroidManifest.xml:29:13-31:52
71                android:name="androidx.lifecycle.ProcessLifecycleInitializer"
71-->[androidx.lifecycle:lifecycle-process:2.8.7] AndroidManifest.xml:30:17-78
72                android:value="androidx.startup" />
72-->[androidx.lifecycle:lifecycle-process:2.8.7] AndroidManifest.xml:31:17-49
73            <meta-data
73-->[androidx.profileinstaller:profileinstaller:1.4.0] AndroidManifest.xml:29:13-31:52
74                android:name="androidx.profileinstaller.ProfileInstallerInitializer"
74-->[androidx.profileinstaller:profileinstaller:1.4.0] AndroidManifest.xml:30:17-85
75                android:value="androidx.startup" />
75-->[androidx.profileinstaller:profileinstaller:1.4.0] AndroidManifest.xml:31:17-49
76        </provider>
77
78        <service
78-->[androidx.work:work-runtime:2.9.1] AndroidManifest.xml:39:9-45:35
79            android:name="androidx.work.impl.background.systemalarm.SystemAlarmService"
79-->[androidx.work:work-runtime:2.9.1] AndroidManifest.xml:40:13-88
80            android:directBootAware="false"
80-->[androidx.work:work-runtime:2.9.1] AndroidManifest.xml:41:13-44
81            android:enabled="@bool/enable_system_alarm_service_default"
81-->[androidx.work:work-runtime:2.9.1] AndroidManifest.xml:42:13-72
82            android:exported="false" />
82-->[androidx.work:work-runtime:2.9.1] AndroidManifest.xml:43:13-37
83        <service
83-->[androidx.work:work-runtime:2.9.1] AndroidManifest.xml:46:9-52:35
84            android:name="androidx.work.impl.background.systemjob.SystemJobService"
84-->[androidx.work:work-runtime:2.9.1] AndroidManifest.xml:47:13-84
85            android:directBootAware="false"
85-->[androidx.work:work-runtime:2.9.1] AndroidManifest.xml:48:13-44
86            android:enabled="@bool/enable_system_job_service_default"
86-->[androidx.work:work-runtime:2.9.1] AndroidManifest.xml:49:13-70
87            android:exported="true"
87-->[androidx.work:work-runtime:2.9.1] AndroidManifest.xml:50:13-36
88            android:permission="android.permission.BIND_JOB_SERVICE" />
88-->[androidx.work:work-runtime:2.9.1] AndroidManifest.xml:51:13-69
89        <service
89-->[androidx.work:work-runtime:2.9.1] AndroidManifest.xml:53:9-59:35
90            android:name="androidx.work.impl.foreground.SystemForegroundService"
90-->[androidx.work:work-runtime:2.9.1] AndroidManifest.xml:54:13-81
91            android:directBootAware="false"
91-->[androidx.work:work-runtime:2.9.1] AndroidManifest.xml:55:13-44
92            android:enabled="@bool/enable_system_foreground_service_default"
92-->[androidx.work:work-runtime:2.9.1] AndroidManifest.xml:56:13-77
93            android:exported="false" />
93-->[androidx.work:work-runtime:2.9.1] AndroidManifest.xml:57:13-37
94
95        <receiver
95-->[androidx.work:work-runtime:2.9.1] AndroidManifest.xml:61:9-66:35
96            android:name="androidx.work.impl.utils.ForceStopRunnable$BroadcastReceiver"
96-->[androidx.work:work-runtime:2.9.1] AndroidManifest.xml:62:13-88
97            android:directBootAware="false"
97-->[androidx.work:work-runtime:2.9.1] AndroidManifest.xml:63:13-44
98            android:enabled="true"
98-->[androidx.work:work-runtime:2.9.1] AndroidManifest.xml:64:13-35
99            android:exported="false" />
99-->[androidx.work:work-runtime:2.9.1] AndroidManifest.xml:65:13-37
100        <receiver
100-->[androidx.work:work-runtime:2.9.1] AndroidManifest.xml:67:9-77:20
101            android:name="androidx.work.impl.background.systemalarm.ConstraintProxy$BatteryChargingProxy"
101-->[androidx.work:work-runtime:2.9.1] AndroidManifest.xml:68:13-106
102            android:directBootAware="false"
102-->[androidx.work:work-runtime:2.9.1] AndroidManifest.xml:69:13-44
103            android:enabled="false"
103-->[androidx.work:work-runtime:2.9.1] AndroidManifest.xml:70:13-36
104            android:exported="false" >
104-->[androidx.work:work-runtime:2.9.1] AndroidManifest.xml:71:13-37
105            <intent-filter>
105-->[androidx.work:work-runtime:2.9.1] AndroidManifest.xml:73:13-76:29
106                <action android:name="android.intent.action.ACTION_POWER_CONNECTED" />
106-->[androidx.work:work-runtime:2.9.1] AndroidManifest.xml:74:17-87
106-->[androidx.work:work-runtime:2.9.1] AndroidManifest.xml:74:25-84
107                <action android:name="android.intent.action.ACTION_POWER_DISCONNECTED" />
107-->[androidx.work:work-runtime:2.9.1] AndroidManifest.xml:75:17-90
107-->[androidx.work:work-runtime:2.9.1] AndroidManifest.xml:75:25-87
108            </intent-filter>
109        </receiver>
110        <receiver
110-->[androidx.work:work-runtime:2.9.1] AndroidManifest.xml:78:9-88:20
111            android:name="androidx.work.impl.background.systemalarm.ConstraintProxy$BatteryNotLowProxy"
111-->[androidx.work:work-runtime:2.9.1] AndroidManifest.xml:79:13-104
112            android:directBootAware="false"
112-->[androidx.work:work-runtime:2.9.1] AndroidManifest.xml:80:13-44
113            android:enabled="false"
113-->[androidx.work:work-runtime:2.9.1] AndroidManifest.xml:81:13-36
114            android:exported="false" >
114-->[androidx.work:work-runtime:2.9.1] AndroidManifest.xml:82:13-37
115            <intent-filter>
115-->[androidx.work:work-runtime:2.9.1] AndroidManifest.xml:84:13-87:29
116                <action android:name="android.intent.action.BATTERY_OKAY" />
116-->[androidx.work:work-runtime:2.9.1] AndroidManifest.xml:85:17-77
116-->[androidx.work:work-runtime:2.9.1] AndroidManifest.xml:85:25-74
117                <action android:name="android.intent.action.BATTERY_LOW" />
117-->[androidx.work:work-runtime:2.9.1] AndroidManifest.xml:86:17-76
117-->[androidx.work:work-runtime:2.9.1] AndroidManifest.xml:86:25-73
118            </intent-filter>
119        </receiver>
120        <receiver
120-->[androidx.work:work-runtime:2.9.1] AndroidManifest.xml:89:9-99:20
121            android:name="androidx.work.impl.background.systemalarm.ConstraintProxy$StorageNotLowProxy"
121-->[androidx.work:work-runtime:2.9.1] AndroidManifest.xml:90:13-104
122            android:directBootAware="false"
122-->[androidx.work:work-runtime:2.9.1] AndroidManifest.xml:91:13-44
123            android:enabled="false"
123-->[androidx.work:work-runtime:2.9.1] AndroidManifest.xml:92:13-36
124            android:exported="false" >
124-->[androidx.work:work-runtime:2.9.1] AndroidManifest.xml:93:13-37
125            <intent-filter>
125-->[androidx.work:work-runtime:2.9.1] AndroidManifest.xml:95:13-98:29
126                <action android:name="android.intent.action.DEVICE_STORAGE_LOW" />
126-->[androidx.work:work-runtime:2.9.1] AndroidManifest.xml:96:17-83
126-->[androidx.work:work-runtime:2.9.1] AndroidManifest.xml:96:25-80
127                <action android:name="android.intent.action.DEVICE_STORAGE_OK" />
127-->[androidx.work:work-runtime:2.9.1] AndroidManifest.xml:97:17-82
127-->[androidx.work:work-runtime:2.9.1] AndroidManifest.xml:97:25-79
128            </intent-filter>
129        </receiver>
130        <receiver
130-->[androidx.work:work-runtime:2.9.1] AndroidManifest.xml:100:9-109:20
131            android:name="androidx.work.impl.background.systemalarm.ConstraintProxy$NetworkStateProxy"
131-->[androidx.work:work-runtime:2.9.1] AndroidManifest.xml:101:13-103
132            android:directBootAware="false"
132-->[androidx.work:work-runtime:2.9.1] AndroidManifest.xml:102:13-44
133            android:enabled="false"
133-->[androidx.work:work-runtime:2.9.1] AndroidManifest.xml:103:13-36
134            android:exported="false" >
134-->[androidx.work:work-runtime:2.9.1] AndroidManifest.xml:104:13-37
135            <intent-filter>
135-->[androidx.work:work-runtime:2.9.1] AndroidManifest.xml:106:13-108:29
136                <action android:name="android.net.conn.CONNECTIVITY_CHANGE" />
136-->[androidx.work:work-runtime:2.9.1] AndroidManifest.xml:107:17-79
136-->[androidx.work:work-runtime:2.9.1] AndroidManifest.xml:107:25-76
137            </intent-filter>
138        </receiver>
139        <receiver
139-->[androidx.work:work-runtime:2.9.1] AndroidManifest.xml:110:9-121:20
140            android:name="androidx.work.impl.background.systemalarm.RescheduleReceiver"
140-->[androidx.work:work-runtime:2.9.1] AndroidManifest.xml:111:13-88
141            android:directBootAware="false"
141-->[androidx.work:work-runtime:2.9.1] AndroidManifest.xml:112:13-44
142            android:enabled="false"
142-->[androidx.work:work-runtime:2.9.1] AndroidManifest.xml:113:13-36
143            android:exported="false" >
143-->[androidx.work:work-runtime:2.9.1] AndroidManifest.xml:114:13-37
144            <intent-filter>
144-->[androidx.work:work-runtime:2.9.1] AndroidManifest.xml:116:13-120:29
145                <action android:name="android.intent.action.BOOT_COMPLETED" />
145-->[androidx.work:work-runtime:2.9.1] AndroidManifest.xml:117:17-79
145-->[androidx.work:work-runtime:2.9.1] AndroidManifest.xml:117:25-76
146                <action android:name="android.intent.action.TIME_SET" />
146-->[androidx.work:work-runtime:2.9.1] AndroidManifest.xml:118:17-73
146-->[androidx.work:work-runtime:2.9.1] AndroidManifest.xml:118:25-70
147                <action android:name="android.intent.action.TIMEZONE_CHANGED" />
147-->[androidx.work:work-runtime:2.9.1] AndroidManifest.xml:119:17-81
147-->[androidx.work:work-runtime:2.9.1] AndroidManifest.xml:119:25-78
148            </intent-filter>
149        </receiver>
150        <receiver
150-->[androidx.work:work-runtime:2.9.1] AndroidManifest.xml:122:9-131:20
151            android:name="androidx.work.impl.background.systemalarm.ConstraintProxyUpdateReceiver"
151-->[androidx.work:work-runtime:2.9.1] AndroidManifest.xml:123:13-99
152            android:directBootAware="false"
152-->[androidx.work:work-runtime:2.9.1] AndroidManifest.xml:124:13-44
153            android:enabled="@bool/enable_system_alarm_service_default"
153-->[androidx.work:work-runtime:2.9.1] AndroidManifest.xml:125:13-72
154            android:exported="false" >
154-->[androidx.work:work-runtime:2.9.1] AndroidManifest.xml:126:13-37
155            <intent-filter>
155-->[androidx.work:work-runtime:2.9.1] AndroidManifest.xml:128:13-130:29
156                <action android:name="androidx.work.impl.background.systemalarm.UpdateProxies" />
156-->[androidx.work:work-runtime:2.9.1] AndroidManifest.xml:129:17-98
156-->[androidx.work:work-runtime:2.9.1] AndroidManifest.xml:129:25-95
157            </intent-filter>
158        </receiver>
159        <receiver
159-->[androidx.work:work-runtime:2.9.1] AndroidManifest.xml:132:9-142:20
160            android:name="androidx.work.impl.diagnostics.DiagnosticsReceiver"
160-->[androidx.work:work-runtime:2.9.1] AndroidManifest.xml:133:13-78
161            android:directBootAware="false"
161-->[androidx.work:work-runtime:2.9.1] AndroidManifest.xml:134:13-44
162            android:enabled="true"
162-->[androidx.work:work-runtime:2.9.1] AndroidManifest.xml:135:13-35
163            android:exported="true"
163-->[androidx.work:work-runtime:2.9.1] AndroidManifest.xml:136:13-36
164            android:permission="android.permission.DUMP" >
164-->[androidx.work:work-runtime:2.9.1] AndroidManifest.xml:137:13-57
165            <intent-filter>
165-->[androidx.work:work-runtime:2.9.1] AndroidManifest.xml:139:13-141:29
166                <action android:name="androidx.work.diagnostics.REQUEST_DIAGNOSTICS" />
166-->[androidx.work:work-runtime:2.9.1] AndroidManifest.xml:140:17-88
166-->[androidx.work:work-runtime:2.9.1] AndroidManifest.xml:140:25-85
167            </intent-filter>
168        </receiver>
169
170        <service
170-->[com.google.android.gms:play-services-mlkit-text-recognition-common:19.0.0] AndroidManifest.xml:9:9-15:19
171            android:name="com.google.mlkit.common.internal.MlKitComponentDiscoveryService"
171-->[com.google.android.gms:play-services-mlkit-text-recognition-common:19.0.0] AndroidManifest.xml:10:13-91
172            android:directBootAware="true"
172-->[com.google.mlkit:common:18.8.0] AndroidManifest.xml:17:13-43
173            android:exported="false" >
173-->[com.google.android.gms:play-services-mlkit-text-recognition-common:19.0.0] AndroidManifest.xml:11:13-37
174            <meta-data
174-->[com.google.android.gms:play-services-mlkit-text-recognition-common:19.0.0] AndroidManifest.xml:12:13-14:85
175                android:name="com.google.firebase.components:com.google.mlkit.vision.text.internal.TextRegistrar"
175-->[com.google.android.gms:play-services-mlkit-text-recognition-common:19.0.0] AndroidManifest.xml:13:17-114
176                android:value="com.google.firebase.components.ComponentRegistrar" />
176-->[com.google.android.gms:play-services-mlkit-text-recognition-common:19.0.0] AndroidManifest.xml:14:17-82
177            <meta-data
177-->[com.google.mlkit:vision-common:17.3.0] AndroidManifest.xml:12:13-14:85
178                android:name="com.google.firebase.components:com.google.mlkit.vision.common.internal.VisionCommonRegistrar"
178-->[com.google.mlkit:vision-common:17.3.0] AndroidManifest.xml:13:17-124
179                android:value="com.google.firebase.components.ComponentRegistrar" />
179-->[com.google.mlkit:vision-common:17.3.0] AndroidManifest.xml:14:17-82
180            <meta-data
180-->[com.google.mlkit:common:18.8.0] AndroidManifest.xml:20:13-22:85
181                android:name="com.google.firebase.components:com.google.mlkit.common.internal.CommonComponentRegistrar"
181-->[com.google.mlkit:common:18.8.0] AndroidManifest.xml:21:17-120
182                android:value="com.google.firebase.components.ComponentRegistrar" />
182-->[com.google.mlkit:common:18.8.0] AndroidManifest.xml:22:17-82
183        </service>
184
185        <provider
185-->[com.google.mlkit:common:18.8.0] AndroidManifest.xml:9:9-13:38
186            android:name="com.google.mlkit.common.internal.MlKitInitProvider"
186-->[com.google.mlkit:common:18.8.0] AndroidManifest.xml:10:13-78
187            android:authorities="com.minorproject.cardscannerai.mlkitinitprovider"
187-->[com.google.mlkit:common:18.8.0] AndroidManifest.xml:11:13-69
188            android:exported="false"
188-->[com.google.mlkit:common:18.8.0] AndroidManifest.xml:12:13-37
189            android:initOrder="99" />
189-->[com.google.mlkit:common:18.8.0] AndroidManifest.xml:13:13-35
190
191        <service
191-->[com.google.firebase:firebase-firestore-ktx:25.1.2] AndroidManifest.xml:9:9-15:19
192            android:name="com.google.firebase.components.ComponentDiscoveryService"
192-->[com.google.firebase:firebase-firestore-ktx:25.1.2] AndroidManifest.xml:10:13-84
193            android:directBootAware="true"
193-->[com.google.firebase:firebase-common:21.0.0] AndroidManifest.xml:32:13-43
194            android:exported="false" >
194-->[com.google.firebase:firebase-firestore-ktx:25.1.2] AndroidManifest.xml:11:13-37
195            <meta-data
195-->[com.google.firebase:firebase-firestore-ktx:25.1.2] AndroidManifest.xml:12:13-14:85
196                android:name="com.google.firebase.components:com.google.firebase.firestore.ktx.FirebaseFirestoreLegacyRegistrar"
196-->[com.google.firebase:firebase-firestore-ktx:25.1.2] AndroidManifest.xml:13:17-129
197                android:value="com.google.firebase.components.ComponentRegistrar" />
197-->[com.google.firebase:firebase-firestore-ktx:25.1.2] AndroidManifest.xml:14:17-82
198            <meta-data
198-->[com.google.firebase:firebase-firestore:25.1.2] AndroidManifest.xml:17:13-19:85
199                android:name="com.google.firebase.components:com.google.firebase.firestore.FirebaseFirestoreKtxRegistrar"
199-->[com.google.firebase:firebase-firestore:25.1.2] AndroidManifest.xml:18:17-122
200                android:value="com.google.firebase.components.ComponentRegistrar" />
200-->[com.google.firebase:firebase-firestore:25.1.2] AndroidManifest.xml:19:17-82
201            <meta-data
201-->[com.google.firebase:firebase-firestore:25.1.2] AndroidManifest.xml:20:13-22:85
202                android:name="com.google.firebase.components:com.google.firebase.firestore.FirestoreRegistrar"
202-->[com.google.firebase:firebase-firestore:25.1.2] AndroidManifest.xml:21:17-111
203                android:value="com.google.firebase.components.ComponentRegistrar" />
203-->[com.google.firebase:firebase-firestore:25.1.2] AndroidManifest.xml:22:17-82
204            <meta-data
204-->[com.google.firebase:firebase-common-ktx:21.0.0] AndroidManifest.xml:12:13-14:85
205                android:name="com.google.firebase.components:com.google.firebase.ktx.FirebaseCommonLegacyRegistrar"
205-->[com.google.firebase:firebase-common-ktx:21.0.0] AndroidManifest.xml:13:17-116
206                android:value="com.google.firebase.components.ComponentRegistrar" />
206-->[com.google.firebase:firebase-common-ktx:21.0.0] AndroidManifest.xml:14:17-82
207            <meta-data
207-->[com.google.firebase:firebase-common:21.0.0] AndroidManifest.xml:35:13-37:85
208                android:name="com.google.firebase.components:com.google.firebase.FirebaseCommonKtxRegistrar"
208-->[com.google.firebase:firebase-common:21.0.0] AndroidManifest.xml:36:17-109
209                android:value="com.google.firebase.components.ComponentRegistrar" />
209-->[com.google.firebase:firebase-common:21.0.0] AndroidManifest.xml:37:17-82
210        </service>
211
212        <activity
212-->[com.google.android.gms:play-services-base:18.1.0] AndroidManifest.xml:20:9-22:45
213            android:name="com.google.android.gms.common.api.GoogleApiActivity"
213-->[com.google.android.gms:play-services-base:18.1.0] AndroidManifest.xml:20:19-85
214            android:exported="false"
214-->[com.google.android.gms:play-services-base:18.1.0] AndroidManifest.xml:22:19-43
215            android:theme="@android:style/Theme.Translucent.NoTitleBar" />
215-->[com.google.android.gms:play-services-base:18.1.0] AndroidManifest.xml:21:19-78
216
217        <provider
217-->[com.google.firebase:firebase-common:21.0.0] AndroidManifest.xml:23:9-28:39
218            android:name="com.google.firebase.provider.FirebaseInitProvider"
218-->[com.google.firebase:firebase-common:21.0.0] AndroidManifest.xml:24:13-77
219            android:authorities="com.minorproject.cardscannerai.firebaseinitprovider"
219-->[com.google.firebase:firebase-common:21.0.0] AndroidManifest.xml:25:13-72
220            android:directBootAware="true"
220-->[com.google.firebase:firebase-common:21.0.0] AndroidManifest.xml:26:13-43
221            android:exported="false"
221-->[com.google.firebase:firebase-common:21.0.0] AndroidManifest.xml:27:13-37
222            android:initOrder="100" />
222-->[com.google.firebase:firebase-common:21.0.0] AndroidManifest.xml:28:13-36
223
224        <service
224-->[androidx.room:room-runtime:2.6.1] AndroidManifest.xml:24:9-28:63
225            android:name="androidx.room.MultiInstanceInvalidationService"
225-->[androidx.room:room-runtime:2.6.1] AndroidManifest.xml:25:13-74
226            android:directBootAware="true"
226-->[androidx.room:room-runtime:2.6.1] AndroidManifest.xml:26:13-43
227            android:exported="false" />
227-->[androidx.room:room-runtime:2.6.1] AndroidManifest.xml:27:13-37
228
229        <meta-data
229-->[com.google.android.gms:play-services-basement:18.3.0] AndroidManifest.xml:21:9-23:69
230            android:name="com.google.android.gms.version"
230-->[com.google.android.gms:play-services-basement:18.3.0] AndroidManifest.xml:22:13-58
231            android:value="@integer/google_play_services_version" />
231-->[com.google.android.gms:play-services-basement:18.3.0] AndroidManifest.xml:23:13-66
232
233        <receiver
233-->[androidx.profileinstaller:profileinstaller:1.4.0] AndroidManifest.xml:34:9-52:20
234            android:name="androidx.profileinstaller.ProfileInstallReceiver"
234-->[androidx.profileinstaller:profileinstaller:1.4.0] AndroidManifest.xml:35:13-76
235            android:directBootAware="false"
235-->[androidx.profileinstaller:profileinstaller:1.4.0] AndroidManifest.xml:36:13-44
236            android:enabled="true"
236-->[androidx.profileinstaller:profileinstaller:1.4.0] AndroidManifest.xml:37:13-35
237            android:exported="true"
237-->[androidx.profileinstaller:profileinstaller:1.4.0] AndroidManifest.xml:38:13-36
238            android:permission="android.permission.DUMP" >
238-->[androidx.profileinstaller:profileinstaller:1.4.0] AndroidManifest.xml:39:13-57
239            <intent-filter>
239-->[androidx.profileinstaller:profileinstaller:1.4.0] AndroidManifest.xml:40:13-42:29
240                <action android:name="androidx.profileinstaller.action.INSTALL_PROFILE" />
240-->[androidx.profileinstaller:profileinstaller:1.4.0] AndroidManifest.xml:41:17-91
240-->[androidx.profileinstaller:profileinstaller:1.4.0] AndroidManifest.xml:41:25-88
241            </intent-filter>
242            <intent-filter>
242-->[androidx.profileinstaller:profileinstaller:1.4.0] AndroidManifest.xml:43:13-45:29
243                <action android:name="androidx.profileinstaller.action.SKIP_FILE" />
243-->[androidx.profileinstaller:profileinstaller:1.4.0] AndroidManifest.xml:44:17-85
243-->[androidx.profileinstaller:profileinstaller:1.4.0] AndroidManifest.xml:44:25-82
244            </intent-filter>
245            <intent-filter>
245-->[androidx.profileinstaller:profileinstaller:1.4.0] AndroidManifest.xml:46:13-48:29
246                <action android:name="androidx.profileinstaller.action.SAVE_PROFILE" />
246-->[androidx.profileinstaller:profileinstaller:1.4.0] AndroidManifest.xml:47:17-88
246-->[androidx.profileinstaller:profileinstaller:1.4.0] AndroidManifest.xml:47:25-85
247            </intent-filter>
248            <intent-filter>
248-->[androidx.profileinstaller:profileinstaller:1.4.0] AndroidManifest.xml:49:13-51:29
249                <action android:name="androidx.profileinstaller.action.BENCHMARK_OPERATION" />
249-->[androidx.profileinstaller:profileinstaller:1.4.0] AndroidManifest.xml:50:17-95
249-->[androidx.profileinstaller:profileinstaller:1.4.0] AndroidManifest.xml:50:25-92
250            </intent-filter>
251        </receiver>
252
253        <service
253-->[com.google.android.datatransport:transport-backend-cct:2.3.3] AndroidManifest.xml:29:9-35:19
254            android:name="com.google.android.datatransport.runtime.backends.TransportBackendDiscovery"
254-->[com.google.android.datatransport:transport-backend-cct:2.3.3] AndroidManifest.xml:30:13-103
255            android:exported="false" >
255-->[com.google.android.datatransport:transport-backend-cct:2.3.3] AndroidManifest.xml:31:13-37
256            <meta-data
256-->[com.google.android.datatransport:transport-backend-cct:2.3.3] AndroidManifest.xml:32:13-34:39
257                android:name="backend:com.google.android.datatransport.cct.CctBackendFactory"
257-->[com.google.android.datatransport:transport-backend-cct:2.3.3] AndroidManifest.xml:33:17-94
258                android:value="cct" />
258-->[com.google.android.datatransport:transport-backend-cct:2.3.3] AndroidManifest.xml:34:17-36
259        </service>
260        <service
260-->[com.google.android.datatransport:transport-runtime:2.2.6] AndroidManifest.xml:26:9-30:19